<?xml version="1.0" encoding="UTF-8"?>
<!-- Generated by org.testng.reporters.JUnitReportReporter -->
<testsuite skipped="0" hostname="ASAMIR" name="SeleniumAutomationTask.SeleniumAutomation.ScenarioOne" tests="3" failures="0" timestamp="20 Jun 2020 20:28:30 GMT" time="10.721" errors="0">
  <testcase name="searchForTED" time="7.244" classname="SeleniumAutomationTask.SeleniumAutomation.ScenarioOne"/>
  <testcase name="chooseCategory" time="2.207" classname="SeleniumAutomationTask.SeleniumAutomation.ScenarioOne"/>
  <testcase name="openApps" time="1.270" classname="SeleniumAutomationTask.SeleniumAutomation.ScenarioOne"/>
</testsuite> <!-- SeleniumAutomationTask.SeleniumAutomation.ScenarioOne -->
