<?xml version="1.0" encoding="UTF-8"?>
<!-- Generated by org.testng.reporters.JUnitReportReporter -->
<testsuite skipped="0" hostname="ASAMIR" name="SeleniumAutomationTask.SeleniumAutomation.ScenarioTwo" tests="1" failures="0" timestamp="20 Jun 2020 20:28:30 GMT" time="1.593" errors="0">
  <testcase name="facebookSearch" time="1.593" classname="SeleniumAutomationTask.SeleniumAutomation.ScenarioTwo"/>
</testsuite> <!-- SeleniumAutomationTask.SeleniumAutomation.ScenarioTwo -->
