<?xml version="1.0" encoding="UTF-8"?>
<!-- Generated by org.testng.reporters.JUnitReportReporter -->
<testsuite skipped="0" hostname="ASAMIR" name="SeleniumAutomationTask.SeleniumAutomation.ScenarioTow" tests="2" failures="0" timestamp="30 Jun 2019 18:17:37 GMT" time="3.837" errors="0">
  <testcase name="facebookSearch" time="1.862" classname="SeleniumAutomationTask.SeleniumAutomation.ScenarioTow"/>
  <testcase name="facebookSearch" time="1.975" classname="SeleniumAutomationTask.SeleniumAutomation.ScenarioTow"/>
</testsuite> <!-- SeleniumAutomationTask.SeleniumAutomation.ScenarioTow -->
